<?xml version="1.0" encoding="UTF-8"?>
<!-- Generated by org.testng.reporters.JUnitReportReporter -->
<testsuite hostname="SanManu" failures="0" tests="1" name="Java1.cucumberdatatable.AppTest" time="0.008" errors="0" timestamp="2022-05-05T11:04:36 CDT" skipped="0">
  <testcase classname="Java1.cucumberdatatable.AppTest" name="shouldAnswerWithTrue" time="0.008"/>
  <system-out/>
</testsuite> <!-- Java1.cucumberdatatable.AppTest -->
